<?xml version="1.0" encoding="UTF-8"?>
<!-- Generated by org.testng.reporters.JUnitReportReporter -->
<testsuite hostname="DESKTOP-HG53UOA" failures="0" tests="1" name="cloud.stadiumgoods.stage.PositiveTests1a" time="29.128" errors="0" timestamp="2019-12-02T02:04:24 EST" skipped="0">
  <testcase classname="cloud.stadiumgoods.stage.PositiveTests1a" name="loginTest" time="29.128"/>
</testsuite> <!-- cloud.stadiumgoods.stage.PositiveTests1a -->
