<?xml version="1.0" encoding="UTF-8"?>
<!-- Generated by org.testng.reporters.JUnitReportReporter -->
<testsuite hostname="DESKTOP-HG53UOA" failures="0" tests="1" name="com.herokuapp.theinternet.PositiveTests" time="11.077" errors="0" timestamp="2019-11-24T15:35:31 EST" skipped="0">
  <testcase classname="com.herokuapp.theinternet.PositiveTests" name="loginTest" time="11.077"/>
</testsuite> <!-- com.herokuapp.theinternet.PositiveTests -->
